<?xml version="1.0" encoding="UTF-8"?>
<Site BuildName="(empty)"
	BuildStamp="20250121-1935-Experimental"
	Name="(empty)"
	Generator="ctest-3.30.2"
	CompilerName=""
	CompilerVersion=""
	OSName="Windows"
	Hostname="gabriellaptop"
	OSRelease=" Personal"
	OSVersion=" (Build 22631)"
	OSPlatform="AMD64"
	Is64Bits="1"
	VendorString="AuthenticAMD"
	VendorID="Advanced Micro Devices"
	FamilyID="15"
	ModelID="4"
	ProcessorCacheSize="64"
	NumberOfLogicalCPU="16"
	NumberOfPhysicalCPU="8"
	TotalVirtualMemory="39258"
	TotalPhysicalMemory="31965"
	LogicalProcessorsPerPhysical="2"
	ProcessorClockFrequency="3992"
	>
	<Testing>
		<StartDateTime>Jan 21 15:38 Eastern Standard Time</StartDateTime>
		<StartTestTime>1737491930</StartTestTime>
		<TestList>
			<Test>./test-bitarray</Test>
		</TestList>
		<Test Status="passed">
			<Name>test-bitarray</Name>
			<Path>.</Path>
			<FullName>./test-bitarray</FullName>
			<FullCommandLine>C:\Users\gkyen\OneDrive\Documents\ece0302\ECE-0302\project1_starter\build\test-bitarray.exe</FullCommandLine>
			<Results>
				<NamedMeasurement type="numeric/double" name="Execution Time">
					<Value>0.0208228</Value>
				</NamedMeasurement>
				<NamedMeasurement type="numeric/double" name="Processors">
					<Value>1</Value>
				</NamedMeasurement>
				<NamedMeasurement type="text/string" name="Completion Status">
					<Value>Completed</Value>
				</NamedMeasurement>
				<NamedMeasurement type="text/string" name="Command Line">
					<Value>C:\Users\gkyen\OneDrive\Documents\ece0302\ECE-0302\project1_starter\build\test-bitarray.exe</Value>
				</NamedMeasurement>
				<NamedMeasurement type="text/string" name="Environment">
					<Value>#CTEST_RESOURCE_GROUP_COUNT=</Value>
				</NamedMeasurement>
				<Measurement>
					<Value encoding="base64" compression="gzip">eJyztaUq4HLMyVEoSS0uKVYoSCwuTk1R0DAxNDJRALGLSjLz84oVMvMUDI3AahSSE4tTizW5uADRvSQu====</Value>
				</Measurement>
			</Results>
		</Test>
		<EndDateTime>Jan 21 15:38 Eastern Standard Time</EndDateTime>
		<EndTestTime>1737491930</EndTestTime>
		<ElapsedMinutes>0</ElapsedMinutes>
	</Testing>
</Site>
